<?xml version="1.0" encoding="UTF-8"?>
<testng-results skipped="0" failed="0" ignored="0" total="1" passed="1">
  <reporter-output>
  </reporter-output>
  <suite name="Default suite" duration-ms="41047" started-at="2019-10-13T12:17:44Z" finished-at="2019-10-13T12:18:25Z">
    <groups>
    </groups>
    <test name="Default test" duration-ms="41047" started-at="2019-10-13T12:17:44Z" finished-at="2019-10-13T12:18:25Z">
      <class name="com.maven.web.LoginTest">
        <test-method status="PASS" signature="setup()[pri:0, instance:com.maven.web.LoginTest@6340e5f0]" name="setup" is-config="true" duration-ms="21409" started-at="2019-10-13T12:17:44Z" finished-at="2019-10-13T12:18:06Z">
          <reporter-output>
          </reporter-output>
        </test-method> <!-- setup -->
        <test-method status="PASS" signature="loginTest()[pri:1, instance:com.maven.web.LoginTest@6340e5f0]" name="loginTest" duration-ms="18553" started-at="2019-10-13T12:18:06Z" finished-at="2019-10-13T12:18:24Z">
          <reporter-output>
          </reporter-output>
        </test-method> <!-- loginTest -->
        <test-method status="PASS" signature="destroy()[pri:0, instance:com.maven.web.LoginTest@6340e5f0]" name="destroy" is-config="true" duration-ms="1023" started-at="2019-10-13T12:18:24Z" finished-at="2019-10-13T12:18:25Z">
          <reporter-output>
          </reporter-output>
        </test-method> <!-- destroy -->
      </class> <!-- com.maven.web.LoginTest -->
    </test> <!-- Default test -->
  </suite> <!-- Default suite -->
</testng-results>
